[30Dec2024 00:00:00.557] [Server thread/INFO] [net.minecraft.server.network.ServerGamePacketListenerImpl/]: Darielo_XD lost connection: Disconnected
[30Dec2024 00:00:00.560] [Server thread/INFO] [net.minecraft.server.MinecraftServer/]: Darielo_XD left the game
[30Dec2024 00:00:46.764] [Server thread/INFO] [net.minecraft.server.players.PlayerList/]: Darielo_XD[/127.18.233.73:60237] logged in with entity id 310217 at (-492.6922325807722, 33.0, 453.8325693107277)
[30Dec2024 00:00:46.771] [Server thread/INFO] [net.minecraft.server.MinecraftServer/]: Darielo_XD joined the game
[30Dec2024 00:00:46.803] [Server thread/INFO] [Jade/]: Syncing config to Darielo_XD (02e650f6-4f28-3810-82de-0313f89a2ebc)
[30Dec2024 00:00:47.014] [Server thread/INFO] [ImprovableSkills/]: Sending skill data to Darielo_XD (02e650f6-4f28-3810-82de-0313f89a2ebc)
[30Dec2024 00:01:23.569] [Server thread/INFO] [net.minecraft.server.MinecraftServer/]: polloxsolo has made the advancement [Enchanter]
[30Dec2024 00:01:36.861] [Server thread/INFO] [net.minecraft.server.MinecraftServer/]: oscarbigw has reached the goal [Piglin Pillage]
[30Dec2024 00:02:05.462] [Server thread/INFO] [net.minecraft.server.players.PlayerList/]: marmotas[/127.186.142.178:35561] logged in with entity id 310772 at (-505.39562607539216, 82.0, 502.8263666783668)
[30Dec2024 00:02:05.469] [Server thread/INFO] [net.minecraft.server.MinecraftServer/]: marmotas joined the game
[30Dec2024 00:02:05.499] [Server thread/INFO] [Jade/]: Syncing config to marmotas (b7e5f908-bce2-3b64-b712-b2bb0c8b4616)
[30Dec2024 00:02:13.854] [Server thread/INFO] [ImprovableSkills/]: Sending skill data to marmotas (b7e5f908-bce2-3b64-b712-b2bb0c8b4616)
[30Dec2024 00:03:41.654] [Server thread/INFO] [net.minecraft.server.MinecraftServer/]: marmotas has reached the goal [Piglin Pillage]
[30Dec2024 00:10:02.610] [Server thread/INFO] [net.minecraft.server.network.ServerGamePacketListenerImpl/]: Darielo_XD lost connection: Timed out
[30Dec2024 00:10:02.611] [Server thread/INFO] [net.minecraft.server.MinecraftServer/]: Darielo_XD left the game
[30Dec2024 00:10:35.905] [Server thread/INFO] [net.minecraft.server.MinecraftServer/]: oscarbigw has made the advancement [Strange Biomes]
[30Dec2024 00:10:40.756] [Server thread/INFO] [net.minecraft.world.entity.LivingEntity/]: Named entity Vex['Restless Spirit'/313791, l='ServerLevel[world]', x=-421.75, y=62.88, z=167.85] died: Restless Spirit starved to death
[30Dec2024 00:10:48.453] [Server thread/INFO] [net.minecraft.world.entity.LivingEntity/]: Named entity Vex['Restless Spirit'/313920, l='ServerLevel[world]', x=-357.68, y=103.15, z=205.48] died: Restless Spirit starved to death
[30Dec2024 00:10:50.684] [Server thread/INFO] [net.minecraft.world.entity.LivingEntity/]: Named entity Vex['Restless Spirit'/314072, l='ServerLevel[world]', x=-348.80, y=56.31, z=249.74] died: Restless Spirit starved to death
[30Dec2024 00:10:50.685] [Server thread/INFO] [net.minecraft.world.entity.LivingEntity/]: Named entity Vex['Restless Spirit'/314075, l='ServerLevel[world]', x=-325.87, y=57.63, z=260.15] died: Restless Spirit starved to death
[30Dec2024 00:10:50.686] [Server thread/INFO] [net.minecraft.world.entity.LivingEntity/]: Named entity Vex['Restless Spirit'/314077, l='ServerLevel[world]', x=-338.10, y=60.76, z=256.68] died: Restless Spirit starved to death
[30Dec2024 00:10:50.686] [Server thread/INFO] [net.minecraft.world.entity.LivingEntity/]: Named entity Vex['Restless Spirit'/314079, l='ServerLevel[world]', x=-327.56, y=55.91, z=256.62] died: Restless Spirit starved to death
[30Dec2024 00:10:55.209] [Server thread/INFO] [net.minecraft.world.entity.LivingEntity/]: Named entity Vex['Restless Spirit'/314227, l='ServerLevel[world]', x=-281.18, y=39.77, z=305.74] died: Restless Spirit starved to death
[30Dec2024 00:10:55.210] [Server thread/INFO] [net.minecraft.world.entity.LivingEntity/]: Named entity Vex['Restless Spirit'/314230, l='ServerLevel[world]', x=-289.00, y=34.92, z=313.75] died: Restless Spirit starved to death
[30Dec2024 00:10:55.210] [Server thread/INFO] [net.minecraft.world.entity.LivingEntity/]: Named entity Vex['Restless Spirit'/314232, l='ServerLevel[world]', x=-302.51, y=37.55, z=283.25] died: Restless Spirit starved to death
[30Dec2024 00:10:57.652] [Server thread/INFO] [net.minecraft.world.entity.LivingEntity/]: Named entity Vex['Restless Spirit'/314301, l='ServerLevel[world]', x=-411.69, y=87.90, z=149.69] died: Restless Spirit starved to death
[30Dec2024 00:10:57.652] [Server thread/INFO] [net.minecraft.world.entity.LivingEntity/]: Named entity Vex['Restless Spirit'/314303, l='ServerLevel[world]', x=-376.66, y=69.48, z=164.19] died: Restless Spirit starved to death
[30Dec2024 00:10:57.652] [Server thread/INFO] [net.minecraft.world.entity.LivingEntity/]: Named entity Vex['Restless Spirit'/314307, l='ServerLevel[world]', x=-382.28, y=81.23, z=147.10] died: Restless Spirit starved to death
[30Dec2024 00:10:57.904] [Server thread/INFO] [net.minecraft.world.entity.LivingEntity/]: Named entity Vex['Restless Spirit'/314324, l='ServerLevel[world]', x=-317.57, y=46.40, z=224.46] died: Restless Spirit starved to death
[30Dec2024 00:11:00.909] [Server thread/INFO] [net.minecraft.world.entity.LivingEntity/]: Named entity Vex['Restless Spirit'/314399, l='ServerLevel[world]', x=-324.39, y=41.33, z=204.01] died: Restless Spirit starved to death
[30Dec2024 00:11:00.909] [Server thread/INFO] [net.minecraft.world.entity.LivingEntity/]: Named entity Vex['Restless Spirit'/314401, l='ServerLevel[world]', x=-329.37, y=32.72, z=181.32] died: Restless Spirit starved to death
[30Dec2024 00:11:02.455] [Server thread/INFO] [net.minecraft.world.entity.LivingEntity/]: Named entity Vex['Restless Spirit'/314422, l='ServerLevel[world]', x=-348.45, y=142.44, z=247.12] died: Restless Spirit starved to death
[30Dec2024 00:11:03.504] [Server thread/INFO] [net.minecraft.world.entity.LivingEntity/]: Named entity Vex['Restless Spirit'/314428, l='ServerLevel[world]', x=-356.75, y=121.60, z=197.42] died: Restless Spirit starved to death
[30Dec2024 00:11:06.806] [Server thread/INFO] [net.minecraft.world.entity.LivingEntity/]: Named entity Vex['Restless Spirit'/314466, l='ServerLevel[world]', x=-300.58, y=43.60, z=166.67] died: Restless Spirit starved to death
[30Dec2024 00:11:07.202] [Server thread/INFO] [net.minecraft.world.entity.LivingEntity/]: Named entity Vex['Restless Spirit'/314480, l='ServerLevel[world]', x=-409.13, y=139.51, z=175.42] died: Restless Spirit starved to death
[30Dec2024 00:11:10.507] [Server thread/INFO] [net.minecraft.world.entity.LivingEntity/]: Named entity Vex['Restless Spirit'/314535, l='ServerLevel[world]', x=-364.31, y=39.20, z=187.22] died: Restless Spirit starved to death
[30Dec2024 00:11:12.203] [Server thread/INFO] [net.minecraft.world.entity.LivingEntity/]: Named entity Vex['Restless Spirit'/314580, l='ServerLevel[world]', x=-332.76, y=32.63, z=189.75] died: Restless Spirit starved to death
[30Dec2024 00:11:12.204] [Server thread/INFO] [net.minecraft.world.entity.LivingEntity/]: Named entity Vex['Restless Spirit'/314583, l='ServerLevel[world]', x=-333.41, y=48.15, z=196.22] died: Restless Spirit starved to death
[30Dec2024 00:11:15.757] [Server thread/INFO] [net.minecraft.world.entity.LivingEntity/]: Named entity Vex['Restless Spirit'/314646, l='ServerLevel[world]', x=-371.17, y=138.46, z=219.31] died: Restless Spirit starved to death
[30Dec2024 00:11:20.357] [Server thread/INFO] [net.minecraft.world.entity.LivingEntity/]: Named entity Vex['Restless Spirit'/314751, l='ServerLevel[world]', x=-334.76, y=119.28, z=194.68] died: Restless Spirit starved to death
[30Dec2024 00:11:21.360] [Server thread/INFO] [Scaling Health/]: Blight Restless Spirit has died
[30Dec2024 00:11:21.361] [Server thread/INFO] [net.minecraft.world.entity.LivingEntity/]: Named entity Vex['Restless Spirit'/314753, l='ServerLevel[world]', x=-327.45, y=124.57, z=184.16] died: Restless Spirit starved to death
[30Dec2024 00:11:22.155] [Server thread/INFO] [net.minecraft.world.entity.LivingEntity/]: Named entity Vex['Restless Spirit'/314801, l='ServerLevel[world]', x=-217.97, y=104.05, z=277.41] died: Restless Spirit starved to death
[30Dec2024 00:11:23.455] [Server thread/INFO] [net.minecraft.world.entity.LivingEntity/]: Named entity Vex['Restless Spirit'/314819, l='ServerLevel[world]', x=-359.41, y=51.30, z=179.31] died: Restless Spirit starved to death
[30Dec2024 00:11:44.805] [Server thread/INFO] [net.minecraft.world.entity.LivingEntity/]: Named entity Vex['Restless Spirit'/315104, l='ServerLevel[world]', x=-378.00, y=123.82, z=214.23] died: Restless Spirit starved to death
[30Dec2024 00:11:45.206] [Server thread/INFO] [net.minecraft.world.entity.LivingEntity/]: Named entity Slime['Toxic Slime'/315249, l='ServerLevel[world]', x=-260.90, y=61.98, z=356.03] died: Toxic Slime blew up
[30Dec2024 00:11:47.359] [Server thread/INFO] [net.minecraft.world.entity.LivingEntity/]: Named entity Vex['Restless Spirit'/315161, l='ServerLevel[world]', x=-243.59, y=123.91, z=291.78] died: Restless Spirit starved to death
[30Dec2024 00:11:47.359] [Server thread/INFO] [net.minecraft.world.entity.LivingEntity/]: Named entity Vex['Restless Spirit'/315163, l='ServerLevel[world]', x=-242.24, y=123.05, z=297.69] died: Restless Spirit starved to death
[30Dec2024 00:11:50.906] [Server thread/INFO] [net.minecraft.world.entity.LivingEntity/]: Named entity Vex['Restless Spirit'/315265, l='ServerLevel[world]', x=-363.12, y=40.05, z=196.24] died: Restless Spirit starved to death
[30Dec2024 00:11:54.007] [Server thread/INFO] [net.minecraft.world.entity.LivingEntity/]: Named entity Vex['Restless Spirit'/315342, l='ServerLevel[world]', x=-231.99, y=94.22, z=338.73] died: Restless Spirit starved to death
[30Dec2024 00:12:15.778] [Server thread/INFO] [net.minecraft.world.entity.LivingEntity/]: Named entity Piglin['Village Brewer'/312969, l='ServerLevel[world]', x=-268.30, y=44.00, z=331.47] died: Village Brewer was slain by oscarbigw
[30Dec2024 00:12:15.780] [Server thread/INFO] [net.minecraft.world.entity.LivingEntity/]: Named entity Piglin['Village Guard'/312967, l='ServerLevel[world]', x=-268.30, y=44.00, z=332.70] died: Village Guard was slain by oscarbigw
[30Dec2024 00:12:16.364] [Server thread/INFO] [net.minecraft.world.entity.LivingEntity/]: Named entity Vex['Restless Spirit'/315608, l='ServerLevel[world]', x=-181.28, y=118.97, z=296.41] died: Restless Spirit starved to death
[30Dec2024 00:12:16.378] [Server thread/INFO] [net.minecraft.world.entity.LivingEntity/]: Named entity Piglin['Village Brewer'/312970, l='ServerLevel[world]', x=-268.30, y=44.00, z=332.70] died: Village Brewer was slain by oscarbigw
[30Dec2024 00:12:17.076] [Server thread/INFO] [net.minecraft.world.entity.LivingEntity/]: Named entity Piglin['Piglin Civilian'/312968, l='ServerLevel[world]', x=-268.30, y=44.00, z=332.47] died: Piglin Civilian was slain by oscarbigw
[30Dec2024 00:12:18.635] [Server thread/INFO] [net.minecraft.world.entity.LivingEntity/]: Named entity Slime['Toxic Slime'/315547, l='ServerLevel[world]', x=-80.91, y=-20.00, z=504.88] died: Toxic Slime was killed
[30Dec2024 00:12:19.057] [Server thread/INFO] [net.minecraft.world.entity.LivingEntity/]: Named entity Piglin['Village Guard'/312492, l='ServerLevel[world]', x=-335.30, y=34.00, z=316.06] died: Village Guard was slain by marmotas
[30Dec2024 00:12:19.706] [Server thread/INFO] [net.minecraft.world.entity.LivingEntity/]: Named entity Vex['Restless Spirit'/315672, l='ServerLevel[world]', x=-264.12, y=91.09, z=293.43] died: Restless Spirit starved to death
[30Dec2024 00:12:25.634] [Server thread/INFO] [net.minecraft.world.entity.LivingEntity/]: Named entity Slime['Toxic Slime'/315548, l='ServerLevel[world]', x=-94.74, y=-20.00, z=502.79] died: Toxic Slime was killed
[30Dec2024 00:12:32.605] [Server thread/INFO] [net.minecraft.world.entity.LivingEntity/]: Named entity Vex['Restless Spirit'/315886, l='ServerLevel[world]', x=-224.05, y=115.05, z=323.30] died: Restless Spirit starved to death
[30Dec2024 00:12:43.209] [Server thread/INFO] [net.minecraft.world.entity.LivingEntity/]: Named entity Vex['Restless Spirit'/316016, l='ServerLevel[world]', x=-259.68, y=94.67, z=333.32] died: Restless Spirit starved to death
[30Dec2024 00:12:54.725] [Server thread/INFO] [net.minecraft.server.players.PlayerList/]: Darielo_XD[/127.18.233.73:39977] logged in with entity id 316262 at (-443.40479507213297, 31.70342818871565, 306.78173473937164)
[30Dec2024 00:12:54.732] [Server thread/INFO] [net.minecraft.server.MinecraftServer/]: Darielo_XD joined the game
[30Dec2024 00:12:54.759] [Server thread/INFO] [Jade/]: Syncing config to Darielo_XD (02e650f6-4f28-3810-82de-0313f89a2ebc)
[30Dec2024 00:12:55.032] [Server thread/INFO] [ImprovableSkills/]: Sending skill data to Darielo_XD (02e650f6-4f28-3810-82de-0313f89a2ebc)
[30Dec2024 00:13:06.918] [Server thread/INFO] [net.minecraft.server.MinecraftServer/]: oscarbigw has made the advancement [Radioactive]
[30Dec2024 00:13:09.112] [Server thread/INFO] [net.minecraft.world.entity.LivingEntity/]: Named entity Vex['Restless Spirit'/316213, l='ServerLevel[world]', x=-255.80, y=81.14, z=306.55] died: Restless Spirit starved to death
[30Dec2024 00:13:35.061] [Server thread/INFO] [net.minecraft.world.entity.LivingEntity/]: Named entity Vex['Restless Spirit'/316681, l='ServerLevel[world]', x=-149.75, y=93.93, z=353.64] died: Restless Spirit starved to death
[30Dec2024 00:13:36.462] [Server thread/INFO] [net.minecraft.server.MinecraftServer/]: marmotas has made the advancement [Radioactive]
[30Dec2024 00:13:36.811] [Server thread/INFO] [net.minecraft.world.entity.LivingEntity/]: Named entity Vex['Restless Spirit'/316720, l='ServerLevel[world]', x=-220.72, y=89.36, z=378.81] died: Restless Spirit starved to death
[30Dec2024 00:13:36.984] [Server thread/INFO] [net.minecraft.server.players.PlayerList/]: Maiky0910[/127.212.150.220:49657] logged in with entity id 317124 at (-3479.3347378773547, 69.0, 1421.9639233420862)
[30Dec2024 00:13:36.990] [Server thread/INFO] [net.minecraft.server.MinecraftServer/]: Maiky0910 joined the game
[30Dec2024 00:13:36.998] [Server thread/INFO] [Jade/]: Syncing config to Maiky0910 (206d0152-8833-3dd5-ad18-a6802356651f)
[30Dec2024 00:13:37.207] [Server thread/WARN] [ImprovableSkills/]: Skill tick took too long! (93 ms, expected <50 ms!). Time map: [improvableskills:ladder_king=93, improvableskills:luck_of_the_sea=0, improvableskills:silent_foot=0, improvableskills:obsidian_skin=0, improvableskills:attack_speed=0, improvableskills:dexterous_arms=0, improvableskills:huckster=0, improvableskills:fast_swimmer=0, improvableskills:growth=0, improvableskills:accelerated_furnace=0, improvableskills:pvp=0, improvableskills:xp_plus=0, improvableskills:soft_landing=0, improvableskills:cutting=0, improvableskills:treasure_sands=0, improvableskills:mob_repellent=0, improvableskills:mining=0, improvableskills:atkdmg_ranged=0, improvableskills:alchemist=0, improvableskills:leaper=0, improvableskills:atkdmg_melee=0, improvableskills:ender_manipulator=0, improvableskills:generic_protection=0, improvableskills:health=0, improvableskills:enchanter=0, improvableskills:digging=0, improvableskills:soul_speed=0]
[30Dec2024 00:13:37.212] [Server thread/INFO] [ImprovableSkills/]: Sending skill data to Maiky0910 (206d0152-8833-3dd5-ad18-a6802356651f)
[30Dec2024 00:13:39.174] [Server thread/INFO] [net.minecraft.world.entity.LivingEntity/]: Named entity Vex['Restless Spirit'/316780, l='ServerLevel[world]', x=-209.21, y=100.77, z=328.73] died: Restless Spirit starved to death
[30Dec2024 00:13:39.174] [Server thread/INFO] [net.minecraft.world.entity.LivingEntity/]: Named entity Vex['Restless Spirit'/316782, l='ServerLevel[world]', x=-228.16, y=106.41, z=293.76] died: Restless Spirit starved to death
[30Dec2024 00:13:51.676] [Server thread/INFO] [net.minecraft.world.entity.LivingEntity/]: Named entity Slime['Toxic Slime'/317561, l='ServerLevel[world]', x=-1.74, y=-20.00, z=556.26] died: Toxic Slime was killed
[30Dec2024 00:14:07.385] [Server thread/INFO] [net.minecraft.world.entity.LivingEntity/]: Named entity Vex['Restless Spirit'/317632, l='ServerLevel[world]', x=-232.16, y=128.08, z=428.16] died: Restless Spirit starved to death
[30Dec2024 00:14:18.734] [Server thread/INFO] [net.minecraft.world.entity.LivingEntity/]: Named entity Slime['Toxic Slime'/315541, l='ServerLevel[world]', x=-272.74, y=-20.00, z=420.24] died: Toxic Slime was killed
[30Dec2024 00:14:18.735] [Server thread/INFO] [net.minecraft.world.entity.LivingEntity/]: Named entity Slime['Toxic Slime'/315542, l='ServerLevel[world]', x=-190.68, y=-20.00, z=421.73] died: Toxic Slime was killed
[30Dec2024 00:14:18.735] [Server thread/INFO] [net.minecraft.world.entity.LivingEntity/]: Named entity Slime['Toxic Slime'/316832, l='ServerLevel[world]', x=-28.09, y=-20.00, z=482.99] died: Toxic Slime was killed
[30Dec2024 00:14:20.061] [Server thread/INFO] [net.minecraft.world.entity.LivingEntity/]: Named entity Slime['Toxic Slime'/316846, l='ServerLevel[world]', x=-20.36, y=-20.00, z=582.07] died: Toxic Slime was killed
[30Dec2024 00:14:29.146] [Worker-Main-14/ERROR] [net.minecraft.world.entity.decoration.HangingEntity/]: Hanging entity at invalid position: BlockPos{x=47, y=-26, z=202}
[30Dec2024 00:14:29.147] [Worker-Main-14/ERROR] [net.minecraft.world.entity.decoration.HangingEntity/]: Hanging entity at invalid position: BlockPos{x=46, y=-26, z=203}
[30Dec2024 00:14:29.147] [Worker-Main-14/WARN] [net.minecraft.world.entity.EntityType/]: Skipping Entity with id aquaculture:arrau_turtle
[30Dec2024 00:14:29.147] [Worker-Main-14/ERROR] [net.minecraft.world.entity.decoration.HangingEntity/]: Hanging entity at invalid position: BlockPos{x=51, y=-26, z=202}
[30Dec2024 00:14:29.147] [Worker-Main-14/ERROR] [net.minecraft.world.entity.decoration.HangingEntity/]: Hanging entity at invalid position: BlockPos{x=50, y=-25, z=196}
[30Dec2024 00:14:29.147] [Worker-Main-14/WARN] [net.minecraft.world.entity.decoration.ItemFrame/]: Unable to load item from: {Count:1b,id:"aquaculture:box_turtle"}
[30Dec2024 00:14:29.147] [Worker-Main-14/ERROR] [net.minecraft.world.entity.decoration.HangingEntity/]: Hanging entity at invalid position: BlockPos{x=50, y=-24, z=195}
[30Dec2024 00:14:29.147] [Worker-Main-14/WARN] [net.minecraft.world.entity.decoration.ItemFrame/]: Unable to load item from: {Count:1b,id:"aquaculture:starshell_turtle"}
[30Dec2024 00:14:29.147] [Worker-Main-14/ERROR] [net.minecraft.world.entity.decoration.HangingEntity/]: Hanging entity at invalid position: BlockPos{x=50, y=-25, z=194}
[30Dec2024 00:14:29.147] [Worker-Main-14/WARN] [net.minecraft.world.entity.decoration.ItemFrame/]: Unable to load item from: {Count:1b,id:"aquaculture:arrau_turtle"}
[30Dec2024 00:14:29.147] [Worker-Main-14/ERROR] [net.minecraft.world.entity.decoration.HangingEntity/]: Hanging entity at invalid position: BlockPos{x=51, y=-26, z=198}
[30Dec2024 00:14:29.148] [Worker-Main-14/WARN] [net.minecraft.world.entity.EntityType/]: Skipping Entity with id aquaculture:box_turtle
[30Dec2024 00:14:29.148] [Worker-Main-14/WARN] [net.minecraft.world.entity.EntityType/]: Skipping Entity with id aquaculture:box_turtle
[30Dec2024 00:14:29.148] [Worker-Main-14/WARN] [net.minecraft.world.entity.EntityType/]: Skipping Entity with id aquaculture:box_turtle
[30Dec2024 00:14:29.148] [Worker-Main-14/WARN] [net.minecraft.world.entity.EntityType/]: Skipping Entity with id aquaculture:box_turtle
[30Dec2024 00:14:29.148] [Worker-Main-14/WARN] [net.minecraft.world.entity.EntityType/]: Skipping Entity with id aquaculture:box_turtle
[30Dec2024 00:14:29.148] [Worker-Main-14/WARN] [net.minecraft.world.entity.EntityType/]: Skipping Entity with id aquaculture:box_turtle
[30Dec2024 00:14:29.148] [Worker-Main-14/WARN] [net.minecraft.world.entity.EntityType/]: Skipping Entity with id aquaculture:box_turtle
[30Dec2024 00:14:29.148] [Worker-Main-14/ERROR] [net.minecraft.world.entity.decoration.HangingEntity/]: Hanging entity at invalid position: BlockPos{x=52, y=-25, z=195}
[30Dec2024 00:14:29.148] [Worker-Main-14/WARN] [net.minecraft.world.entity.decoration.ItemFrame/]: Unable to load item from: {Count:1b,id:"aquaculture:iron_fillet_knife",tag:{Damage:0}}
[30Dec2024 00:14:29.148] [Worker-Main-14/ERROR] [net.minecraft.world.entity.decoration.HangingEntity/]: Hanging entity at invalid position: BlockPos{x=52, y=-25, z=194}
[30Dec2024 00:14:29.148] [Worker-Main-14/WARN] [net.minecraft.world.entity.decoration.ItemFrame/]: Unable to load item from: {Count:1b,id:"aquaculturedelight:turtle_meat_dish"}
[30Dec2024 00:14:29.148] [Worker-Main-14/ERROR] [net.minecraft.world.entity.decoration.HangingEntity/]: Hanging entity at invalid position: BlockPos{x=52, y=-25, z=196}
[30Dec2024 00:14:29.149] [Worker-Main-14/WARN] [net.minecraft.world.entity.decoration.ItemFrame/]: Unable to load item from: {Count:1b,id:"aquaculturedelight:turtle_meat_dish"}
[30Dec2024 00:14:29.149] [Worker-Main-14/WARN] [net.minecraft.world.entity.EntityType/]: Skipping Entity with id aquaculture:arrau_turtle
[30Dec2024 00:14:29.149] [Worker-Main-14/WARN] [net.minecraft.world.entity.EntityType/]: Skipping Entity with id aquaculture:arrau_turtle
[30Dec2024 00:14:29.149] [Worker-Main-14/WARN] [net.minecraft.world.entity.EntityType/]: Skipping Entity with id aquaculture:arrau_turtle
[30Dec2024 00:14:29.149] [Worker-Main-14/WARN] [net.minecraft.world.entity.EntityType/]: Skipping Entity with id aquaculture:arrau_turtle
[30Dec2024 00:14:29.149] [Worker-Main-14/ERROR] [net.minecraft.world.entity.decoration.HangingEntity/]: Hanging entity at invalid position: BlockPos{x=55, y=-27, z=196}
[30Dec2024 00:14:29.149] [Worker-Main-14/ERROR] [net.minecraft.world.entity.decoration.HangingEntity/]: Hanging entity at invalid position: BlockPos{x=55, y=-27, z=193}
[30Dec2024 00:14:39.636] [Server thread/INFO] [net.minecraft.world.entity.LivingEntity/]: Named entity Slime['Toxic Slime'/318111, l='ServerLevel[world]', x=-3.05, y=-20.00, z=533.12] died: Toxic Slime was killed
[30Dec2024 00:14:47.471] [Server thread/INFO] [net.minecraft.world.entity.LivingEntity/]: Named entity Vex['Restless Spirit'/318139, l='ServerLevel[world]', x=-128.56, y=115.60, z=392.74] died: Restless Spirit starved to death
[30Dec2024 00:14:47.471] [Server thread/INFO] [net.minecraft.world.entity.LivingEntity/]: Named entity Vex['Restless Spirit'/318142, l='ServerLevel[world]', x=-108.38, y=121.31, z=395.08] died: Restless Spirit starved to death
[30Dec2024 00:14:52.984] [Server thread/INFO] [net.minecraft.server.MinecraftServer/]: marmotas has made the advancement [Toxic Personality]
[30Dec2024 00:14:56.397] [Server thread/INFO] [net.minecraft.world.entity.LivingEntity/]: Named entity Slime['Toxic Slime'/316103, l='ServerLevel[world]', x=-189.81, y=33.55, z=395.12] died: Toxic Slime was slain by marmotas
[30Dec2024 00:14:59.652] [Server thread/INFO] [net.minecraft.world.entity.LivingEntity/]: Named entity Slime['Toxic Slime'/316104, l='ServerLevel[world]', x=-246.99, y=-20.00, z=358.45] died: Toxic Slime was killed
[30Dec2024 00:15:09.415] [Server thread/INFO] [net.minecraft.world.entity.LivingEntity/]: Named entity Vex['Restless Spirit'/318581, l='ServerLevel[world]', x=-174.38, y=118.77, z=384.44] died: Restless Spirit starved to death
[30Dec2024 00:15:09.635] [Server thread/INFO] [net.minecraft.world.entity.LivingEntity/]: Named entity Slime['Toxic Slime'/316161, l='ServerLevel[world]', x=-247.26, y=-20.00, z=390.26] died: Toxic Slime was killed
[30Dec2024 00:15:14.173] [Server thread/INFO] [net.minecraft.world.entity.LivingEntity/]: Named entity Vex['Restless Spirit'/318693, l='ServerLevel[world]', x=-201.44, y=115.83, z=426.08] died: Restless Spirit starved to death
[30Dec2024 00:15:14.635] [Server thread/INFO] [net.minecraft.world.entity.LivingEntity/]: Named entity Slime['Toxic Slime'/316845, l='ServerLevel[world]', x=-24.26, y=-20.00, z=561.20] died: Toxic Slime was killed
[30Dec2024 00:15:29.635] [Server thread/INFO] [net.minecraft.world.entity.LivingEntity/]: Named entity Slime['Toxic Slime'/319277, l='ServerLevel[world]', x=6.06, y=-20.00, z=561.24] died: Toxic Slime was killed
[30Dec2024 00:15:43.861] [Server thread/INFO] [net.minecraft.world.entity.LivingEntity/]: Named entity Vex['Restless Spirit'/319356, l='ServerLevel[world]', x=-223.41, y=120.86, z=297.25] died: Restless Spirit starved to death
[30Dec2024 00:15:47.261] [Server thread/INFO] [net.minecraft.world.entity.LivingEntity/]: Named entity Vex['Restless Spirit'/319443, l='ServerLevel[world]', x=-270.87, y=89.92, z=292.55] died: Restless Spirit starved to death
[30Dec2024 00:15:57.629] [Server thread/INFO] [Scaling Health/]: Blight Piglin Brute was killed by oscarbigw
[30Dec2024 00:15:58.561] [Server thread/INFO] [net.minecraft.world.entity.LivingEntity/]: Named entity Vex['Restless Spirit'/319537, l='ServerLevel[world]', x=-219.70, y=102.04, z=313.52] died: Restless Spirit starved to death
[30Dec2024 00:15:58.561] [Server thread/INFO] [net.minecraft.world.entity.LivingEntity/]: Named entity Vex['Restless Spirit'/319539, l='ServerLevel[world]', x=-228.33, y=109.46, z=303.54] died: Restless Spirit starved to death
[30Dec2024 00:16:02.008] [Server thread/INFO] [net.minecraft.world.entity.LivingEntity/]: Named entity Vex['Restless Spirit'/319624, l='ServerLevel[world]', x=-138.34, y=132.96, z=319.67] died: Restless Spirit starved to death
[30Dec2024 00:16:10.863] [Server thread/INFO] [net.minecraft.world.entity.LivingEntity/]: Named entity Vex['Restless Spirit'/319795, l='ServerLevel[world]', x=-256.51, y=87.55, z=279.52] died: Restless Spirit starved to death
[30Dec2024 00:16:15.634] [Server thread/INFO] [net.minecraft.world.entity.LivingEntity/]: Named entity Slime['Toxic Slime'/317694, l='ServerLevel[world]', x=-245.53, y=-20.00, z=381.32] died: Toxic Slime was killed
[30Dec2024 00:16:17.635] [Server thread/INFO] [net.minecraft.world.entity.LivingEntity/]: Named entity Slime['Toxic Slime'/317729, l='ServerLevel[world]', x=-168.54, y=-20.00, z=406.27] died: Toxic Slime was killed
